<?xml version="1.0" encoding="UTF-8"?>
<!-- Generated by org.testng.reporters.JUnitXMLReporter -->
<testsuite hostname="DESKTOP-GCQ4TJ3" ignored="0" name="ActTime App Test Cases" tests="4" failures="0" timestamp="13 Jan 2021 17:23:02 GMT" time="29.198" errors="0">
  <testcase name="loginPageTitleTest" time="0.019" classname="com.actitime.qa.testcases.LoginPageTest"/>
  <testcase name="verifytextTest" time="2.104" classname="com.actitime.qa.testcases.HomePageTest"/>
  <testcase name="actiTimelogoTest" time="0.06" classname="com.actitime.qa.testcases.LoginPageTest"/>
  <testcase name="loginTest" time="0.148" classname="com.actitime.qa.testcases.LoginPageTest"/>
</testsuite> <!-- ActTime App Test Cases -->
